<?xml version="1.0" encoding="UTF-8"?>
<!-- Generated by org.testng.reporters.JUnitReportReporter -->
<testsuite skipped="0" hostname="LAPTOP-MESBRRDE" name="tutorial.Flight_List2" tests="1" failures="0" timestamp="14 Jun 2020 08:56:50 GMT" time="45.052" errors="0">
  <testcase name="testPhpTravel" time="45.052" classname="tutorial.Flight_List2"/>
</testsuite> <!-- tutorial.Flight_List2 -->
